[0m[[0m[0mdebug[0m] [0m[0m> Exec(;Test/compile; collectAnalyses, None, Some(CommandSource(network-1)))[0m
[0m[[0m[0mdebug[0m] [0m[0munmatched Processing event for requestId None: None[0m
[0m[[0m[0mdebug[0m] [0m[0munmatched Done event for requestId None: None[0m
[0m[[0m[0mdebug[0m] [0m[0m> Exec(Test/compile, None, Some(CommandSource(network-1)))[0m
[0m[[0m[0mdebug[0m] [0m[0munmatched Processing event for requestId None: None[0m
[0m[[0m[0mdebug[0m] [0m[0mEvaluating tasks: Test / compile[0m
[0m[[0m[0mdebug[0m] [0m[0mRunning task... Cancel: Signal, check cycles: false, forcegc: true[0m
[0m[[0m[0mdebug[0m] [0m[0mjsonRpcNotify: JsonRpcNotificationMessage(2.0, build/taskStart, {"taskId":{"id":"59","parents":[]},"eventTime":1641218729898,"message":"Compiling scala-programming","dataKind":"compile-task","data":{"target":{"uri":"file:/C:/Users/R%C3%A9mi/IdeaProjects/Scala%20Programming/#scala-programming/Compile"}}})[0m
[0m[[0m[0minfo[0m] [0m[0mcompiling 2 Scala sources to C:\Users\Rémi\IdeaProjects\Scala Programming\target\scala-3.1.0\classes ...[0m
[0m[[0m[0mdebug[0m] [0m[0mjsonRpcNotify: JsonRpcNotificationMessage(2.0, build/logMessage, {"type":3,"message":"compiling 2 Scala sources to C:\\Users\\Rémi\\IdeaProjects\\Scala Programming\\target\\scala-3.1.0\\classes ..."})[0m
[0m[[0m[0mdebug[0m] [0m[0mjsonRpcNotify: JsonRpcNotificationMessage(2.0, build/publishDiagnostics, {"textDocument":{"uri":"file:///C:/Users/R%C3%A9mi/IdeaProjects/Scala%20Programming/src/main/scala/main.scala"},"buildTarget":{"uri":"file:/C:/Users/R%C3%A9mi/IdeaProjects/Scala%20Programming/#scala-programming/Compile"},"diagnostics":[{"range":{"start":{"line":25,"character":0},"end":{"line":25,"character":0}},"severity":1,"source":"sbt","message":"eof expected, but '}' found"}],"reset":false})[0m
[0m[[0m[31merror[0m] [0m[0m[31m-- [E040] Syntax Error: C:\Users\Rémi\IdeaProjects\Scala Programming\src\main\scala\main.scala:26:0 [0m[0m
[0m[[0m[31merror[0m] [0m[0m[31m26 |[0m}[0m
[0m[[0m[31merror[0m] [0m[0m   |[31m^[0m[0m
[0m[[0m[31merror[0m] [0m[0m   |eof expected, but '}' found[0m
[0m[[0m[0mdebug[0m] [0m[0mjsonRpcNotify: JsonRpcNotificationMessage(2.0, build/logMessage, {"type":1,"message":"\u001b[31m-- [E040] Syntax Error: C:\\Users\\Rémi\\IdeaProjects\\Scala Programming\\src\\main\\scala\\main.scala:26:0 \u001b[0m\r\n\u001b[31m26 |\u001b[0m}\r\n   |\u001b[31m^\u001b[0m\r\n   |eof expected, but '}' found"})[0m
[0m[[0m[0mdebug[0m] [0m[0mjsonRpcNotify: JsonRpcNotificationMessage(2.0, build/publishDiagnostics, {"textDocument":{"uri":"file:///C:/Users/R%C3%A9mi/IdeaProjects/Scala%20Programming/src/main/scala/main.scala"},"buildTarget":{"uri":"file:/C:/Users/R%C3%A9mi/IdeaProjects/Scala%20Programming/#scala-programming/Compile"},"diagnostics":[{"range":{"start":{"line":5,"character":4},"end":{"line":5,"character":38}},"severity":1,"source":"sbt","message":"Found:    Int\nRequired: Option[Int]"}],"reset":false})[0m
[0m[[0m[31merror[0m] [0m[0m[31m-- [E007] Type Mismatch Error: C:\Users\Rémi\IdeaProjects\Scala Programming\src\main\scala\main.scala:6:34 [0m[0m
[0m[[0m[31merror[0m] [0m[0m[31m6 |[0m    Source.fromFile(str).getLines.size[0m
[0m[[0m[31merror[0m] [0m[0m  |    [31m^^^^^^^^^^^^^^^^^^^^^^^^^^^^^^^^^^[0m[0m
[0m[[0m[31merror[0m] [0m[0m  |    Found:    Int[0m
[0m[[0m[31merror[0m] [0m[0m  |    Required: Option[Int][0m
[0m[[0m[0mdebug[0m] [0m[0mjsonRpcNotify: JsonRpcNotificationMessage(2.0, build/logMessage, {"type":1,"message":"\u001b[31m-- [E007] Type Mismatch Error: C:\\Users\\Rémi\\IdeaProjects\\Scala Programming\\src\\main\\scala\\main.scala:6:34 \u001b[0m\r\n\u001b[31m6 |\u001b[0m    Source.fromFile(str).getLines.size\r\n  |    \u001b[31m^^^^^^^^^^^^^^^^^^^^^^^^^^^^^^^^^^\u001b[0m\r\n  |    Found:    Int\r\n  |    Required: Option[Int]"})[0m
[0m[[0m[0mdebug[0m] [0m[0mjsonRpcNotify: JsonRpcNotificationMessage(2.0, build/publishDiagnostics, {"textDocument":{"uri":"file:///C:/Users/R%C3%A9mi/IdeaProjects/Scala%20Programming/src/main/scala/main.scala"},"buildTarget":{"uri":"file:/C:/Users/R%C3%A9mi/IdeaProjects/Scala%20Programming/#scala-programming/Compile"},"diagnostics":[{"range":{"start":{"line":10,"character":4},"end":{"line":10,"character":6}},"severity":1,"source":"sbt","message":"Not found: sc"}],"reset":false})[0m
[0m[[0m[31merror[0m] [0m[0m[31m-- [E006] Not Found Error: C:\Users\Rémi\IdeaProjects\Scala Programming\src\main\scala\main.scala:11:4 [0m[0m
[0m[[0m[31merror[0m] [0m[0m[31m11 |[0m    sc.textFile(str).map(_.split([31m','[0m)).foreach([36mr[0m => println(r([31m0[0m), r([31m2[0m)))[0m
[0m[[0m[31merror[0m] [0m[0m   |    [31m^^[0m[0m
[0m[[0m[31merror[0m] [0m[0m   |    Not found: sc[0m
[0m[[0m[0mdebug[0m] [0m[0mjsonRpcNotify: JsonRpcNotificationMessage(2.0, build/logMessage, {"type":1,"message":"\u001b[31m-- [E006] Not Found Error: C:\\Users\\Rémi\\IdeaProjects\\Scala Programming\\src\\main\\scala\\main.scala:11:4 \u001b[0m\r\n\u001b[31m11 |\u001b[0m    sc.textFile(str).map(_.split(\u001b[31m','\u001b[0m)).foreach(\u001b[36mr\u001b[0m => println(r(\u001b[31m0\u001b[0m), r(\u001b[31m2\u001b[0m)))\r\n   |    \u001b[31m^^\u001b[0m\r\n   |    Not found: sc"})[0m
[0m[[0m[31merror[0m] [0m[0mthree errors found[0m
[0m[[0m[0mdebug[0m] [0m[0mjsonRpcNotify: JsonRpcNotificationMessage(2.0, build/logMessage, {"type":1,"message":"three errors found"})[0m
[0m[[0m[31merror[0m] [0m[0mthree errors found[0m
[0m[[0m[0mdebug[0m] [0m[0mjsonRpcNotify: JsonRpcNotificationMessage(2.0, build/logMessage, {"type":1,"message":"three errors found"})[0m
[0m[[0m[0mdebug[0m] [0m[0mjsonRpcNotify: JsonRpcNotificationMessage(2.0, build/publishDiagnostics, {"textDocument":{"uri":"file:///C:/Users/R%C3%A9mi/IdeaProjects/Scala%20Programming/src/main/scala/main.scala"},"buildTarget":{"uri":"file:/C:/Users/R%C3%A9mi/IdeaProjects/Scala%20Programming/#scala-programming/Compile"},"diagnostics":[{"range":{"start":{"line":25,"character":0},"end":{"line":25,"character":0}},"severity":1,"source":"sbt","message":"eof expected, but '}' found"},{"range":{"start":{"line":5,"character":4},"end":{"line":5,"character":38}},"severity":1,"source":"sbt","message":"Found:    Int\nRequired: Option[Int]"},{"range":{"start":{"line":10,"character":4},"end":{"line":10,"character":6}},"severity":1,"source":"sbt","message":"Not found: sc"}],"reset":true})[0m
[0m[[0m[0mdebug[0m] [0m[0mjsonRpcNotify: JsonRpcNotificationMessage(2.0, build/publishDiagnostics, {"textDocument":{"uri":"file:///C:/Users/R%C3%A9mi/IdeaProjects/Scala%20Programming/src/main/scala/reader.scala"},"buildTarget":{"uri":"file:/C:/Users/R%C3%A9mi/IdeaProjects/Scala%20Programming/#scala-programming/Compile"},"diagnostics":[],"reset":true})[0m
[0m[[0m[0mdebug[0m] [0m[0mjsonRpcNotify: JsonRpcNotificationMessage(2.0, build/taskFinish, {"taskId":{"id":"59","parents":[]},"eventTime":1641218731256,"message":"Compiled scala-programming","status":2,"dataKind":"compile-report","data":{"target":{"uri":"file:/C:/Users/R%C3%A9mi/IdeaProjects/Scala%20Programming/#scala-programming/Compile"},"errors":3,"warnings":0,"time":1358}})[0m
[0m[[0m[0mdebug[0m] [0m[0munmatched json error for requestId None: {"code":-32603,"message":"(Compile / \u001b[31mcompileIncremental\u001b[0m) Compilation failed"}[0m
[0m[[0m[31merror[0m] [0m[0m(Compile / [31mcompileIncremental[0m) Compilation failed[0m
[0m[[0m[0mdebug[0m] [0m[0mjsonRpcNotify: JsonRpcNotificationMessage(2.0, build/logMessage, {"type":1,"message":"(Compile / \u001b[31mcompileIncremental\u001b[0m) Compilation failed"})[0m
[0m[[0m[31merror[0m] [0m[0mTotal time: 1 s, completed 3 janv. 2022 15:05:31[0m
[0m[[0m[0mdebug[0m] [0m[0munmatched Done event for requestId None: None[0m
[0m[[0m[0mdebug[0m] [0m[0m> Exec(shell, None, None)[0m
