[0m[[0m[0mdebug[0m] [0m[0m> Exec(;Test/compile; collectAnalyses, None, Some(CommandSource(network-1)))[0m
[0m[[0m[0mdebug[0m] [0m[0munmatched Processing event for requestId None: None[0m
[0m[[0m[0mdebug[0m] [0m[0munmatched Done event for requestId None: None[0m
[0m[[0m[0mdebug[0m] [0m[0m> Exec(Test/compile, None, Some(CommandSource(network-1)))[0m
[0m[[0m[0mdebug[0m] [0m[0munmatched Processing event for requestId None: None[0m
[0m[[0m[0mdebug[0m] [0m[0mEvaluating tasks: Test / compile[0m
[0m[[0m[0mdebug[0m] [0m[0mRunning task... Cancel: Signal, check cycles: false, forcegc: true[0m
[0m[[0m[0mdebug[0m] [0m[0mjsonRpcNotify: JsonRpcNotificationMessage(2.0, build/taskStart, {"taskId":{"id":"7","parents":[]},"eventTime":1638188029450,"message":"Compiling scala-programming","dataKind":"compile-task","data":{"target":{"uri":"file:/C:/Users/R%C3%A9mi/IdeaProjects/Scala%20Programming/#scala-programming/Compile"}}})[0m
[0m[[0m[0minfo[0m] [0m[0mcompiling 1 Scala source to C:\Users\Rémi\IdeaProjects\Scala Programming\target\scala-3.1.0\classes ...[0m
[0m[[0m[0mdebug[0m] [0m[0mjsonRpcNotify: JsonRpcNotificationMessage(2.0, build/logMessage, {"type":3,"message":"compiling 1 Scala source to C:\\Users\\Rémi\\IdeaProjects\\Scala Programming\\target\\scala-3.1.0\\classes ..."})[0m
[0m[[0m[0mdebug[0m] [0m[0mjsonRpcNotify: JsonRpcNotificationMessage(2.0, build/publishDiagnostics, {"textDocument":{"uri":"file:///C:/Users/R%C3%A9mi/IdeaProjects/Scala%20Programming/src/main/scala/main.scala"},"buildTarget":{"uri":"file:/C:/Users/R%C3%A9mi/IdeaProjects/Scala%20Programming/#scala-programming/Compile"},"diagnostics":[{"range":{"start":{"line":29,"character":2},"end":{"line":29,"character":16}},"severity":2,"source":"sbt","message":"A pure expression does nothing in statement position; you may be omitting necessary parentheses"}],"reset":false})[0m
[0m[[0m[33mwarn[0m] [0m[0m[33m-- [E129] Potential Issue Warning: C:\Users\Rémi\IdeaProjects\Scala Programming\src\main\scala\main.scala:30:2 [0m[0m
[0m[[0m[33mwarn[0m] [0m[0m[33m30 |[0m  {([36mx[0m:[35mInt[0m)=>x*x}[0m
[0m[[0m[33mwarn[0m] [0m[0m   |  [33m^^^^^^^^^^^^^^[0m[0m
[0m[[0m[33mwarn[0m] [0m[0m   |A pure expression does nothing in statement position; you may be omitting necessary parentheses[0m
[0m[[0m[0mdebug[0m] [0m[0mjsonRpcNotify: JsonRpcNotificationMessage(2.0, build/logMessage, {"type":2,"message":"\u001b[33m-- [E129] Potential Issue Warning: C:\\Users\\Rémi\\IdeaProjects\\Scala Programming\\src\\main\\scala\\main.scala:30:2 \u001b[0m\r\n\u001b[33m30 |\u001b[0m  {(\u001b[36mx\u001b[0m:\u001b[35mInt\u001b[0m)=>x*x}\r\n   |  \u001b[33m^^^^^^^^^^^^^^\u001b[0m\r\n   |A pure expression does nothing in statement position; you may be omitting necessary parentheses"})[0m
[0m[[0m[33mwarn[0m] [0m[0mone warning found[0m
[0m[[0m[0mdebug[0m] [0m[0mjsonRpcNotify: JsonRpcNotificationMessage(2.0, build/logMessage, {"type":2,"message":"one warning found"})[0m
[0m[[0m[33mwarn[0m] [0m[0mone warning found[0m
[0m[[0m[0mdebug[0m] [0m[0mjsonRpcNotify: JsonRpcNotificationMessage(2.0, build/logMessage, {"type":2,"message":"one warning found"})[0m
[0m[[0m[0mdebug[0m] [0m[0mjsonRpcNotify: JsonRpcNotificationMessage(2.0, build/publishDiagnostics, {"textDocument":{"uri":"file:///C:/Users/R%C3%A9mi/IdeaProjects/Scala%20Programming/src/main/scala/main.scala"},"buildTarget":{"uri":"file:/C:/Users/R%C3%A9mi/IdeaProjects/Scala%20Programming/#scala-programming/Compile"},"diagnostics":[{"range":{"start":{"line":29,"character":2},"end":{"line":29,"character":16}},"severity":2,"source":"sbt","message":"A pure expression does nothing in statement position; you may be omitting necessary parentheses"}],"reset":true})[0m
[0m[[0m[0mdebug[0m] [0m[0mjsonRpcNotify: JsonRpcNotificationMessage(2.0, build/taskFinish, {"taskId":{"id":"7","parents":[]},"eventTime":1638188030693,"message":"Compiled scala-programming","status":1,"dataKind":"compile-report","data":{"target":{"uri":"file:/C:/Users/R%C3%A9mi/IdeaProjects/Scala%20Programming/#scala-programming/Compile"},"errors":0,"warnings":1,"time":1243}})[0m
[0m[[0m[0mdebug[0m] [0m[0mjsonRpcNotify: JsonRpcNotificationMessage(2.0, build/taskStart, {"taskId":{"id":"8","parents":[]},"eventTime":1638188030718,"message":"Compiling scala-programming-test","dataKind":"compile-task","data":{"target":{"uri":"file:/C:/Users/R%C3%A9mi/IdeaProjects/Scala%20Programming/#scala-programming/Test"}}})[0m
[0m[[0m[0mdebug[0m] [0m[0mjsonRpcNotify: JsonRpcNotificationMessage(2.0, build/taskFinish, {"taskId":{"id":"8","parents":[]},"eventTime":1638188030731,"message":"Compiled scala-programming-test","status":1,"dataKind":"compile-report","data":{"target":{"uri":"file:/C:/Users/R%C3%A9mi/IdeaProjects/Scala%20Programming/#scala-programming/Test"},"errors":0,"warnings":0,"time":13}})[0m
[0m[[0m[32msuccess[0m] [0m[0mTotal time: 2 s, completed 29 nov. 2021 13:13:50[0m
[0m[[0m[0mdebug[0m] [0m[0munmatched Done event for requestId None: None[0m
[0m[[0m[0mdebug[0m] [0m[0m> Exec(collectAnalyses, None, Some(CommandSource(network-1)))[0m
[0m[[0m[0mdebug[0m] [0m[0munmatched Processing event for requestId None: None[0m
[0m[[0m[0mdebug[0m] [0m[0mEvaluating tasks: Compile / collectAnalyses[0m
[0m[[0m[0mdebug[0m] [0m[0mRunning task... Cancel: Signal, check cycles: false, forcegc: true[0m
[0m[[0m[0mdebug[0m] [0m[0manalysis location (C:\Users\Rémi\IdeaProjects\Scala Programming\target\scala-3.1.0\zinc\inc_compile_3.zip,true)[0m
[0m[[0m[32msuccess[0m] [0m[0mTotal time: 0 s, completed 29 nov. 2021 13:13:50[0m
[0m[[0m[0mdebug[0m] [0m[0munmatched Done event for requestId None: None[0m
[0m[[0m[0mdebug[0m] [0m[0m> Exec(shell, None, None)[0m
