[0m[[0m[0mdebug[0m] [0m[0m> Exec(run, Some(0a1ee141-7a26-4fab-9652-78bf405c088c), Some(CommandSource(console0)))[0m
[0m[[0m[0mdebug[0m] [0m[0mEvaluating tasks: Compile / run[0m
[0m[[0m[0mdebug[0m] [0m[0mRunning task... Cancel: Signal, check cycles: false, forcegc: true[0m
[0m[[0m[0mdebug[0m] [0m[0mjsonRpcNotify: JsonRpcNotificationMessage(2.0, build/taskStart, {"taskId":{"id":"3","parents":[]},"eventTime":1644240268622,"message":"Compiling scala_project","dataKind":"compile-task","data":{"target":{"uri":"file:/C:/Users/R%C3%A9mi/Desktop/Efrei%20Paris/M2/Scala%20Programming/repo_project/Scala_Project/#scala_project/Compile"}}})[0m
[0m[[0m[0minfo[0m] [0m[0mcompiling 2 Scala sources to C:\Users\Rémi\Desktop\Efrei Paris\M2\Scala Programming\repo_project\Scala_Project\target\scala-2.13\classes ...[0m
[0m[[0m[0mdebug[0m] [0m[0mjsonRpcNotify: JsonRpcNotificationMessage(2.0, build/logMessage, {"type":3,"message":"compiling 2 Scala sources to C:\\Users\\Rémi\\Desktop\\Efrei Paris\\M2\\Scala Programming\\repo_project\\Scala_Project\\target\\scala-2.13\\classes ..."})[0m
[0m[[0m[0mdebug[0m] [0m[0mjsonRpcNotify: JsonRpcNotificationMessage(2.0, build/publishDiagnostics, {"textDocument":{"uri":"file:///C:/Users/R%C3%A9mi/Desktop/Efrei%20Paris/M2/Scala%20Programming/repo_project/Scala_Project/src/main/scala/Reports.scala"},"buildTarget":{"uri":"file:/C:/Users/R%C3%A9mi/Desktop/Efrei%20Paris/M2/Scala%20Programming/repo_project/Scala_Project/#scala_project/Compile"},"diagnostics":[{"range":{"start":{"line":12,"character":12},"end":{"line":12,"character":13}},"severity":1,"source":"sbt","message":"value aggregatorContext is not a member of scala.concurrent.Future[reactivemongo.api.bson.collection.BSONCollection]"}],"reset":false})[0m
[0m[[0m[31merror[0m] [0m[0mC:\Users\Rémi\Desktop\Efrei Paris\M2\Scala Programming\repo_project\Scala_Project\src\main\scala\Reports.scala:13:13: value aggregatorContext is not a member of scala.concurrent.Future[reactivemongo.api.bson.collection.BSONCollection][0m
[0m[[0m[31merror[0m] [0m[0m        col.aggregatorContext[BSONDocument]([0m
[0m[[0m[31merror[0m] [0m[0m            ^[0m
[0m[[0m[0mdebug[0m] [0m[0mjsonRpcNotify: JsonRpcNotificationMessage(2.0, build/logMessage, {"type":1,"message":"C:\\Users\\Rémi\\Desktop\\Efrei Paris\\M2\\Scala Programming\\repo_project\\Scala_Project\\src\\main\\scala\\Reports.scala:13:13: value aggregatorContext is not a member of scala.concurrent.Future[reactivemongo.api.bson.collection.BSONCollection]"})[0m
[0m[[0m[0mdebug[0m] [0m[0mjsonRpcNotify: JsonRpcNotificationMessage(2.0, build/logMessage, {"type":1,"message":"        col.aggregatorContext[BSONDocument]("})[0m
[0m[[0m[0mdebug[0m] [0m[0mjsonRpcNotify: JsonRpcNotificationMessage(2.0, build/logMessage, {"type":1,"message":"            ^"})[0m
[0m[[0m[0mdebug[0m] [0m[0mjsonRpcNotify: JsonRpcNotificationMessage(2.0, build/publishDiagnostics, {"textDocument":{"uri":"file:///C:/Users/R%C3%A9mi/Desktop/Efrei%20Paris/M2/Scala%20Programming/repo_project/Scala_Project/src/main/scala/Reports.scala"},"buildTarget":{"uri":"file:/C:/Users/R%C3%A9mi/Desktop/Efrei%20Paris/M2/Scala%20Programming/repo_project/Scala_Project/#scala_project/Compile"},"diagnostics":[{"range":{"start":{"line":13,"character":8},"end":{"line":13,"character":9}},"severity":1,"source":"sbt","message":"not found: value pipeline"}],"reset":false})[0m
[0m[[0m[31merror[0m] [0m[0mC:\Users\Rémi\Desktop\Efrei Paris\M2\Scala Programming\repo_project\Scala_Project\src\main\scala\Reports.scala:14:9: not found: value pipeline[0m
[0m[[0m[31merror[0m] [0m[0m        pipeline = List([0m
[0m[[0m[31merror[0m] [0m[0m        ^[0m
[0m[[0m[0mdebug[0m] [0m[0mjsonRpcNotify: JsonRpcNotificationMessage(2.0, build/logMessage, {"type":1,"message":"C:\\Users\\Rémi\\Desktop\\Efrei Paris\\M2\\Scala Programming\\repo_project\\Scala_Project\\src\\main\\scala\\Reports.scala:14:9: not found: value pipeline"})[0m
[0m[[0m[0mdebug[0m] [0m[0mjsonRpcNotify: JsonRpcNotificationMessage(2.0, build/logMessage, {"type":1,"message":"        pipeline = List("})[0m
[0m[[0m[0mdebug[0m] [0m[0mjsonRpcNotify: JsonRpcNotificationMessage(2.0, build/logMessage, {"type":1,"message":"        ^"})[0m
[0m[[0m[0mdebug[0m] [0m[0mjsonRpcNotify: JsonRpcNotificationMessage(2.0, build/publishDiagnostics, {"textDocument":{"uri":"file:///C:/Users/R%C3%A9mi/Desktop/Efrei%20Paris/M2/Scala%20Programming/repo_project/Scala_Project/src/main/scala/main.scala"},"buildTarget":{"uri":"file:/C:/Users/R%C3%A9mi/Desktop/Efrei%20Paris/M2/Scala%20Programming/repo_project/Scala_Project/#scala_project/Compile"},"diagnostics":[{"range":{"start":{"line":23,"character":14},"end":{"line":23,"character":15}},"severity":1,"source":"sbt","message":"not found: value highest_number_of_airports"}],"reset":false})[0m
[0m[[0m[31merror[0m] [0m[0mC:\Users\Rémi\Desktop\Efrei Paris\M2\Scala Programming\repo_project\Scala_Project\src\main\scala\main.scala:24:15: not found: value highest_number_of_airports[0m
[0m[[0m[31merror[0m] [0m[0m  val hnabc = highest_number_of_airports(airportsCollection)[0m
[0m[[0m[31merror[0m] [0m[0m              ^[0m
[0m[[0m[0mdebug[0m] [0m[0mjsonRpcNotify: JsonRpcNotificationMessage(2.0, build/logMessage, {"type":1,"message":"C:\\Users\\Rémi\\Desktop\\Efrei Paris\\M2\\Scala Programming\\repo_project\\Scala_Project\\src\\main\\scala\\main.scala:24:15: not found: value highest_number_of_airports"})[0m
[0m[[0m[0mdebug[0m] [0m[0mjsonRpcNotify: JsonRpcNotificationMessage(2.0, build/logMessage, {"type":1,"message":"  val hnabc = highest_number_of_airports(airportsCollection)"})[0m
[0m[[0m[0mdebug[0m] [0m[0mjsonRpcNotify: JsonRpcNotificationMessage(2.0, build/logMessage, {"type":1,"message":"              ^"})[0m
[0m[[0m[0mdebug[0m] [0m[0mjsonRpcNotify: JsonRpcNotificationMessage(2.0, build/publishDiagnostics, {"textDocument":{"uri":"file:///C:/Users/R%C3%A9mi/Desktop/Efrei%20Paris/M2/Scala%20Programming/repo_project/Scala_Project/src/main/scala/main.scala"},"buildTarget":{"uri":"file:/C:/Users/R%C3%A9mi/Desktop/Efrei%20Paris/M2/Scala%20Programming/repo_project/Scala_Project/#scala_project/Compile"},"diagnostics":[{"range":{"start":{"line":25,"character":2},"end":{"line":25,"character":3}},"severity":1,"source":"sbt","message":"not found: value countries"}],"reset":false})[0m
[0m[[0m[31merror[0m] [0m[0mC:\Users\Rémi\Desktop\Efrei Paris\M2\Scala Programming\repo_project\Scala_Project\src\main\scala\main.scala:26:3: not found: value countries[0m
[0m[[0m[31merror[0m] [0m[0m  countries.onComplete({[0m
[0m[[0m[31merror[0m] [0m[0m  ^[0m
[0m[[0m[0mdebug[0m] [0m[0mjsonRpcNotify: JsonRpcNotificationMessage(2.0, build/logMessage, {"type":1,"message":"C:\\Users\\Rémi\\Desktop\\Efrei Paris\\M2\\Scala Programming\\repo_project\\Scala_Project\\src\\main\\scala\\main.scala:26:3: not found: value countries"})[0m
[0m[[0m[0mdebug[0m] [0m[0mjsonRpcNotify: JsonRpcNotificationMessage(2.0, build/logMessage, {"type":1,"message":"  countries.onComplete({"})[0m
[0m[[0m[0mdebug[0m] [0m[0mjsonRpcNotify: JsonRpcNotificationMessage(2.0, build/logMessage, {"type":1,"message":"  ^"})[0m
[0m[[0m[31merror[0m] [0m[0mfour errors found[0m
[0m[[0m[0mdebug[0m] [0m[0mjsonRpcNotify: JsonRpcNotificationMessage(2.0, build/logMessage, {"type":1,"message":"four errors found"})[0m
[0m[[0m[0mdebug[0m] [0m[0mjsonRpcNotify: JsonRpcNotificationMessage(2.0, build/publishDiagnostics, {"textDocument":{"uri":"file:///C:/Users/R%C3%A9mi/Desktop/Efrei%20Paris/M2/Scala%20Programming/repo_project/Scala_Project/src/main/scala/main.scala"},"buildTarget":{"uri":"file:/C:/Users/R%C3%A9mi/Desktop/Efrei%20Paris/M2/Scala%20Programming/repo_project/Scala_Project/#scala_project/Compile"},"diagnostics":[{"range":{"start":{"line":23,"character":14},"end":{"line":23,"character":15}},"severity":1,"source":"sbt","message":"not found: value highest_number_of_airports"},{"range":{"start":{"line":25,"character":2},"end":{"line":25,"character":3}},"severity":1,"source":"sbt","message":"not found: value countries"}],"reset":true})[0m
[0m[[0m[0mdebug[0m] [0m[0mjsonRpcNotify: JsonRpcNotificationMessage(2.0, build/publishDiagnostics, {"textDocument":{"uri":"file:///C:/Users/R%C3%A9mi/Desktop/Efrei%20Paris/M2/Scala%20Programming/repo_project/Scala_Project/src/main/scala/model.scala"},"buildTarget":{"uri":"file:/C:/Users/R%C3%A9mi/Desktop/Efrei%20Paris/M2/Scala%20Programming/repo_project/Scala_Project/#scala_project/Compile"},"diagnostics":[],"reset":true})[0m
[0m[[0m[0mdebug[0m] [0m[0mjsonRpcNotify: JsonRpcNotificationMessage(2.0, build/publishDiagnostics, {"textDocument":{"uri":"file:///C:/Users/R%C3%A9mi/Desktop/Efrei%20Paris/M2/Scala%20Programming/repo_project/Scala_Project/src/main/scala/Queries.scala"},"buildTarget":{"uri":"file:/C:/Users/R%C3%A9mi/Desktop/Efrei%20Paris/M2/Scala%20Programming/repo_project/Scala_Project/#scala_project/Compile"},"diagnostics":[],"reset":true})[0m
[0m[[0m[0mdebug[0m] [0m[0mjsonRpcNotify: JsonRpcNotificationMessage(2.0, build/publishDiagnostics, {"textDocument":{"uri":"file:///C:/Users/R%C3%A9mi/Desktop/Efrei%20Paris/M2/Scala%20Programming/repo_project/Scala_Project/src/main/scala/reader.scala"},"buildTarget":{"uri":"file:/C:/Users/R%C3%A9mi/Desktop/Efrei%20Paris/M2/Scala%20Programming/repo_project/Scala_Project/#scala_project/Compile"},"diagnostics":[],"reset":true})[0m
[0m[[0m[0mdebug[0m] [0m[0mjsonRpcNotify: JsonRpcNotificationMessage(2.0, build/publishDiagnostics, {"textDocument":{"uri":"file:///C:/Users/R%C3%A9mi/Desktop/Efrei%20Paris/M2/Scala%20Programming/repo_project/Scala_Project/src/main/scala/Reports.scala"},"buildTarget":{"uri":"file:/C:/Users/R%C3%A9mi/Desktop/Efrei%20Paris/M2/Scala%20Programming/repo_project/Scala_Project/#scala_project/Compile"},"diagnostics":[{"range":{"start":{"line":12,"character":12},"end":{"line":12,"character":13}},"severity":1,"source":"sbt","message":"value aggregatorContext is not a member of scala.concurrent.Future[reactivemongo.api.bson.collection.BSONCollection]"},{"range":{"start":{"line":13,"character":8},"end":{"line":13,"character":9}},"severity":1,"source":"sbt","message":"not found: value pipeline"}],"reset":true})[0m
[0m[[0m[0mdebug[0m] [0m[0mjsonRpcNotify: JsonRpcNotificationMessage(2.0, build/taskFinish, {"taskId":{"id":"3","parents":[]},"eventTime":1644240273710,"message":"Compiled scala_project","status":2,"dataKind":"compile-report","data":{"target":{"uri":"file:/C:/Users/R%C3%A9mi/Desktop/Efrei%20Paris/M2/Scala%20Programming/repo_project/Scala_Project/#scala_project/Compile"},"errors":4,"warnings":0,"time":5088}})[0m
[0m[[0m[31merror[0m] [0m[0m(Compile / [31mcompileIncremental[0m) Compilation failed[0m
[0m[[0m[0mdebug[0m] [0m[0mjsonRpcNotify: JsonRpcNotificationMessage(2.0, build/logMessage, {"type":1,"message":"(Compile / \u001b[31mcompileIncremental\u001b[0m) Compilation failed"})[0m
[0m[[0m[31merror[0m] [0m[0mTotal time: 5 s, completed 7 févr. 2022 14:24:33[0m
[0m[[0m[0mdebug[0m] [0m[0m> Exec(shell, None, None)[0m
[0m[[0m[0mdebug[0m] [0m[0mUnhandled request received: shutdown: JsonRpcRequestMessage(2.0, ♨1, shutdown, null})[0m
