[0m[[0m[0mdebug[0m] [0m[0m> Exec(;Test/compile; collectAnalyses, None, Some(CommandSource(network-1)))[0m
[0m[[0m[0mdebug[0m] [0m[0munmatched Processing event for requestId None: None[0m
[0m[[0m[0mdebug[0m] [0m[0munmatched Done event for requestId None: None[0m
[0m[[0m[0mdebug[0m] [0m[0m> Exec(Test/compile, None, Some(CommandSource(network-1)))[0m
[0m[[0m[0mdebug[0m] [0m[0munmatched Processing event for requestId None: None[0m
[0m[[0m[0mdebug[0m] [0m[0mEvaluating tasks: Test / compile[0m
[0m[[0m[0mdebug[0m] [0m[0mRunning task... Cancel: Signal, check cycles: false, forcegc: true[0m
[0m[[0m[0mdebug[0m] [0m[0mjsonRpcNotify: JsonRpcNotificationMessage(2.0, build/taskStart, {"taskId":{"id":"2","parents":[]},"eventTime":1644240100354,"message":"Compiling scala_project","dataKind":"compile-task","data":{"target":{"uri":"file:/C:/Users/R%C3%A9mi/Desktop/Efrei%20Paris/M2/Scala%20Programming/repo_project/Scala_Project/#scala_project/Compile"}}})[0m
[0m[[0m[0minfo[0m] [0m[0mcompiling 2 Scala sources to C:\Users\Rémi\Desktop\Efrei Paris\M2\Scala Programming\repo_project\Scala_Project\target\scala-2.13\classes ...[0m
[0m[[0m[0mdebug[0m] [0m[0mjsonRpcNotify: JsonRpcNotificationMessage(2.0, build/logMessage, {"type":3,"message":"compiling 2 Scala sources to C:\\Users\\Rémi\\Desktop\\Efrei Paris\\M2\\Scala Programming\\repo_project\\Scala_Project\\target\\scala-2.13\\classes ..."})[0m
[0m[[0m[0mdebug[0m] [0m[0mjsonRpcNotify: JsonRpcNotificationMessage(2.0, build/publishDiagnostics, {"textDocument":{"uri":"file:///C:/Users/R%C3%A9mi/Desktop/Efrei%20Paris/M2/Scala%20Programming/repo_project/Scala_Project/src/main/scala/main.scala"},"buildTarget":{"uri":"file:/C:/Users/R%C3%A9mi/Desktop/Efrei%20Paris/M2/Scala%20Programming/repo_project/Scala_Project/#scala_project/Compile"},"diagnostics":[{"range":{"start":{"line":33,"character":8},"end":{"line":33,"character":9}},"severity":1,"source":"sbt","message":"Invalid literal number"}],"reset":false})[0m
[0m[[0m[31merror[0m] [0m[0mC:\Users\Rémi\Desktop\Efrei Paris\M2\Scala Programming\repo_project\Scala_Project\src\main\scala\main.scala:34:9: Invalid literal number[0m
[0m[[0m[31merror[0m] [0m[0m>>>>>>> 1dbcb0750c763de6a021d5100070276aff3baf78[0m
[0m[[0m[31merror[0m] [0m[0m        ^[0m
[0m[[0m[0mdebug[0m] [0m[0mjsonRpcNotify: JsonRpcNotificationMessage(2.0, build/logMessage, {"type":1,"message":"C:\\Users\\Rémi\\Desktop\\Efrei Paris\\M2\\Scala Programming\\repo_project\\Scala_Project\\src\\main\\scala\\main.scala:34:9: Invalid literal number"})[0m
[0m[[0m[0mdebug[0m] [0m[0mjsonRpcNotify: JsonRpcNotificationMessage(2.0, build/logMessage, {"type":1,"message":">>>>>>> 1dbcb0750c763de6a021d5100070276aff3baf78"})[0m
[0m[[0m[0mdebug[0m] [0m[0mjsonRpcNotify: JsonRpcNotificationMessage(2.0, build/logMessage, {"type":1,"message":"        ^"})[0m
[0m[[0m[0mdebug[0m] [0m[0mjsonRpcNotify: JsonRpcNotificationMessage(2.0, build/publishDiagnostics, {"textDocument":{"uri":"file:///C:/Users/R%C3%A9mi/Desktop/Efrei%20Paris/M2/Scala%20Programming/repo_project/Scala_Project/src/main/scala/main.scala"},"buildTarget":{"uri":"file:/C:/Users/R%C3%A9mi/Desktop/Efrei%20Paris/M2/Scala%20Programming/repo_project/Scala_Project/#scala_project/Compile"},"diagnostics":[{"range":{"start":{"line":13,"character":0},"end":{"line":13,"character":1}},"severity":1,"source":"sbt","message":"'=' expected."}],"reset":false})[0m
[0m[[0m[31merror[0m] [0m[0mC:\Users\Rémi\Desktop\Efrei Paris\M2\Scala Programming\repo_project\Scala_Project\src\main\scala\main.scala:14:1: '=' expected.[0m
[0m[[0m[31merror[0m] [0m[0m  val mongoURL = "mongodb://localhost:27018"[0m
[0m[[0m[31merror[0m] [0m[0m^[0m
[0m[[0m[0mdebug[0m] [0m[0mjsonRpcNotify: JsonRpcNotificationMessage(2.0, build/logMessage, {"type":1,"message":"C:\\Users\\Rémi\\Desktop\\Efrei Paris\\M2\\Scala Programming\\repo_project\\Scala_Project\\src\\main\\scala\\main.scala:14:1: '=' expected."})[0m
[0m[[0m[0mdebug[0m] [0m[0mjsonRpcNotify: JsonRpcNotificationMessage(2.0, build/logMessage, {"type":1,"message":"  val mongoURL = \"mongodb://localhost:27018\""})[0m
[0m[[0m[0mdebug[0m] [0m[0mjsonRpcNotify: JsonRpcNotificationMessage(2.0, build/logMessage, {"type":1,"message":"^"})[0m
[0m[[0m[0mdebug[0m] [0m[0mjsonRpcNotify: JsonRpcNotificationMessage(2.0, build/publishDiagnostics, {"textDocument":{"uri":"file:///C:/Users/R%C3%A9mi/Desktop/Efrei%20Paris/M2/Scala%20Programming/repo_project/Scala_Project/src/main/scala/main.scala"},"buildTarget":{"uri":"file:/C:/Users/R%C3%A9mi/Desktop/Efrei%20Paris/M2/Scala%20Programming/repo_project/Scala_Project/#scala_project/Compile"},"diagnostics":[{"range":{"start":{"line":27,"character":4},"end":{"line":27,"character":5}},"severity":1,"source":"sbt","message":"illegal start of simple expression"}],"reset":false})[0m
[0m[[0m[31merror[0m] [0m[0mC:\Users\Rémi\Desktop\Efrei Paris\M2\Scala Programming\repo_project\Scala_Project\src\main\scala\main.scala:28:5: illegal start of simple expression[0m
[0m[[0m[31merror[0m] [0m[0m    val scanner = new java.util.Scanner(System.in)[0m
[0m[[0m[31merror[0m] [0m[0m    ^[0m
[0m[[0m[0mdebug[0m] [0m[0mjsonRpcNotify: JsonRpcNotificationMessage(2.0, build/logMessage, {"type":1,"message":"C:\\Users\\Rémi\\Desktop\\Efrei Paris\\M2\\Scala Programming\\repo_project\\Scala_Project\\src\\main\\scala\\main.scala:28:5: illegal start of simple expression"})[0m
[0m[[0m[0mdebug[0m] [0m[0mjsonRpcNotify: JsonRpcNotificationMessage(2.0, build/logMessage, {"type":1,"message":"    val scanner = new java.util.Scanner(System.in)"})[0m
[0m[[0m[0mdebug[0m] [0m[0mjsonRpcNotify: JsonRpcNotificationMessage(2.0, build/logMessage, {"type":1,"message":"    ^"})[0m
[0m[[0m[0mdebug[0m] [0m[0mjsonRpcNotify: JsonRpcNotificationMessage(2.0, build/publishDiagnostics, {"textDocument":{"uri":"file:///C:/Users/R%C3%A9mi/Desktop/Efrei%20Paris/M2/Scala%20Programming/repo_project/Scala_Project/src/main/scala/main.scala"},"buildTarget":{"uri":"file:/C:/Users/R%C3%A9mi/Desktop/Efrei%20Paris/M2/Scala%20Programming/repo_project/Scala_Project/#scala_project/Compile"},"diagnostics":[{"range":{"start":{"line":33,"character":8},"end":{"line":33,"character":9}},"severity":1,"source":"sbt","message":"';' expected but something found."}],"reset":false})[0m
[0m[[0m[0mdebug[0m] [0m[0mjsonRpcNotify: JsonRpcNotificationMessage(2.0, build/publishDiagnostics, {"textDocument":{"uri":"file:///C:/Users/R%C3%A9mi/Desktop/Efrei%20Paris/M2/Scala%20Programming/repo_project/Scala_Project/src/main/scala/main.scala"},"buildTarget":{"uri":"file:/C:/Users/R%C3%A9mi/Desktop/Efrei%20Paris/M2/Scala%20Programming/repo_project/Scala_Project/#scala_project/Compile"},"diagnostics":[{"range":{"start":{"line":34,"character":12},"end":{"line":34,"character":13}},"severity":1,"source":"sbt","message":"';' expected but ')' found."}],"reset":false})[0m
[0m[[0m[31merror[0m] [0m[0mC:\Users\Rémi\Desktop\Efrei Paris\M2\Scala Programming\repo_project\Scala_Project\src\main\scala\main.scala:35:13: ';' expected but ')' found.[0m
[0m[[0m[31merror[0m] [0m[0mname: String): Future[List[Country]] =[0m
[0m[[0m[31merror[0m] [0m[0m            ^[0m
[0m[[0m[0mdebug[0m] [0m[0mjsonRpcNotify: JsonRpcNotificationMessage(2.0, build/logMessage, {"type":1,"message":"C:\\Users\\Rémi\\Desktop\\Efrei Paris\\M2\\Scala Programming\\repo_project\\Scala_Project\\src\\main\\scala\\main.scala:35:13: ';' expected but ')' found."})[0m
[0m[[0m[0mdebug[0m] [0m[0mjsonRpcNotify: JsonRpcNotificationMessage(2.0, build/logMessage, {"type":1,"message":"name: String): Future[List[Country]] ="})[0m
[0m[[0m[0mdebug[0m] [0m[0mjsonRpcNotify: JsonRpcNotificationMessage(2.0, build/logMessage, {"type":1,"message":"            ^"})[0m
[0m[[0m[31merror[0m] [0m[0mfour errors found[0m
[0m[[0m[0mdebug[0m] [0m[0mjsonRpcNotify: JsonRpcNotificationMessage(2.0, build/logMessage, {"type":1,"message":"four errors found"})[0m
[0m[[0m[0mdebug[0m] [0m[0mjsonRpcNotify: JsonRpcNotificationMessage(2.0, build/publishDiagnostics, {"textDocument":{"uri":"file:///C:/Users/R%C3%A9mi/Desktop/Efrei%20Paris/M2/Scala%20Programming/repo_project/Scala_Project/src/main/scala/main.scala"},"buildTarget":{"uri":"file:/C:/Users/R%C3%A9mi/Desktop/Efrei%20Paris/M2/Scala%20Programming/repo_project/Scala_Project/#scala_project/Compile"},"diagnostics":[{"range":{"start":{"line":33,"character":8},"end":{"line":33,"character":9}},"severity":1,"source":"sbt","message":"Invalid literal number"},{"range":{"start":{"line":13,"character":0},"end":{"line":13,"character":1}},"severity":1,"source":"sbt","message":"'=' expected."},{"range":{"start":{"line":27,"character":4},"end":{"line":27,"character":5}},"severity":1,"source":"sbt","message":"illegal start of simple expression"},{"range":{"start":{"line":33,"character":8},"end":{"line":33,"character":9}},"severity":1,"source":"sbt","message":"';' expected but something found."},{"range":{"start":{"line":34,"character":12},"end":{"line":34,"character":13}},"severity":1,"source":"sbt","message":"';' expected but ')' found."}],"reset":true})[0m
[0m[[0m[0mdebug[0m] [0m[0mjsonRpcNotify: JsonRpcNotificationMessage(2.0, build/publishDiagnostics, {"textDocument":{"uri":"file:///C:/Users/R%C3%A9mi/Desktop/Efrei%20Paris/M2/Scala%20Programming/repo_project/Scala_Project/src/main/scala/model.scala"},"buildTarget":{"uri":"file:/C:/Users/R%C3%A9mi/Desktop/Efrei%20Paris/M2/Scala%20Programming/repo_project/Scala_Project/#scala_project/Compile"},"diagnostics":[],"reset":true})[0m
[0m[[0m[0mdebug[0m] [0m[0mjsonRpcNotify: JsonRpcNotificationMessage(2.0, build/publishDiagnostics, {"textDocument":{"uri":"file:///C:/Users/R%C3%A9mi/Desktop/Efrei%20Paris/M2/Scala%20Programming/repo_project/Scala_Project/src/main/scala/Queries.scala"},"buildTarget":{"uri":"file:/C:/Users/R%C3%A9mi/Desktop/Efrei%20Paris/M2/Scala%20Programming/repo_project/Scala_Project/#scala_project/Compile"},"diagnostics":[],"reset":true})[0m
[0m[[0m[0mdebug[0m] [0m[0mjsonRpcNotify: JsonRpcNotificationMessage(2.0, build/publishDiagnostics, {"textDocument":{"uri":"file:///C:/Users/R%C3%A9mi/Desktop/Efrei%20Paris/M2/Scala%20Programming/repo_project/Scala_Project/src/main/scala/reader.scala"},"buildTarget":{"uri":"file:/C:/Users/R%C3%A9mi/Desktop/Efrei%20Paris/M2/Scala%20Programming/repo_project/Scala_Project/#scala_project/Compile"},"diagnostics":[],"reset":true})[0m
[0m[[0m[0mdebug[0m] [0m[0mjsonRpcNotify: JsonRpcNotificationMessage(2.0, build/publishDiagnostics, {"textDocument":{"uri":"file:///C:/Users/R%C3%A9mi/Desktop/Efrei%20Paris/M2/Scala%20Programming/repo_project/Scala_Project/src/main/scala/Reports.scala"},"buildTarget":{"uri":"file:/C:/Users/R%C3%A9mi/Desktop/Efrei%20Paris/M2/Scala%20Programming/repo_project/Scala_Project/#scala_project/Compile"},"diagnostics":[],"reset":true})[0m
[0m[[0m[0mdebug[0m] [0m[0mjsonRpcNotify: JsonRpcNotificationMessage(2.0, build/taskFinish, {"taskId":{"id":"2","parents":[]},"eventTime":1644240113640,"message":"Compiled scala_project","status":2,"dataKind":"compile-report","data":{"target":{"uri":"file:/C:/Users/R%C3%A9mi/Desktop/Efrei%20Paris/M2/Scala%20Programming/repo_project/Scala_Project/#scala_project/Compile"},"errors":5,"warnings":0,"time":13286}})[0m
[0m[[0m[0mdebug[0m] [0m[0munmatched json error for requestId None: {"code":-32603,"message":"(Compile / \u001b[31mcompileIncremental\u001b[0m) Compilation failed"}[0m
[0m[[0m[31merror[0m] [0m[0m(Compile / [31mcompileIncremental[0m) Compilation failed[0m
[0m[[0m[0mdebug[0m] [0m[0mjsonRpcNotify: JsonRpcNotificationMessage(2.0, build/logMessage, {"type":1,"message":"(Compile / \u001b[31mcompileIncremental\u001b[0m) Compilation failed"})[0m
[0m[[0m[31merror[0m] [0m[0mTotal time: 15 s, completed 7 févr. 2022 14:21:53[0m
[0m[[0m[0mdebug[0m] [0m[0munmatched Done event for requestId None: None[0m
[0m[[0m[0mdebug[0m] [0m[0m> Exec(shell, None, None)[0m
[0m[[0m[0mdebug[0m] [0m[0mUnhandled request received: shutdown: JsonRpcRequestMessage(2.0, ♨1, shutdown, null})[0m
