[0m[[0m[0mdebug[0m] [0m[0m> Exec(;Test/compile; collectAnalyses, None, Some(CommandSource(network-1)))[0m
[0m[[0m[0mdebug[0m] [0m[0munmatched Processing event for requestId None: None[0m
[0m[[0m[0mdebug[0m] [0m[0munmatched Done event for requestId None: None[0m
[0m[[0m[0mdebug[0m] [0m[0m> Exec(Test/compile, None, Some(CommandSource(network-1)))[0m
[0m[[0m[0mdebug[0m] [0m[0munmatched Processing event for requestId None: None[0m
[0m[[0m[0mdebug[0m] [0m[0mEvaluating tasks: Test / compile[0m
[0m[[0m[0mdebug[0m] [0m[0mRunning task... Cancel: Signal, check cycles: false, forcegc: true[0m
[0m[[0m[0mdebug[0m] [0m[0mjsonRpcNotify: JsonRpcNotificationMessage(2.0, build/taskStart, {"taskId":{"id":"5","parents":[]},"eventTime":1642869579999,"message":"Compiling scala_project","dataKind":"compile-task","data":{"target":{"uri":"file:/C:/Users/R%C3%A9mi/Desktop/Efrei%20Paris/M2/Scala%20Programming/repo_project/Scala_Project/#scala_project/Compile"}}})[0m
[0m[[0m[0minfo[0m] [0m[0mcompiling 3 Scala sources to C:\Users\Rémi\Desktop\Efrei Paris\M2\Scala Programming\repo_project\Scala_Project\target\scala-3.1.0\classes ...[0m
[0m[[0m[0mdebug[0m] [0m[0mjsonRpcNotify: JsonRpcNotificationMessage(2.0, build/logMessage, {"type":3,"message":"compiling 3 Scala sources to C:\\Users\\Rémi\\Desktop\\Efrei Paris\\M2\\Scala Programming\\repo_project\\Scala_Project\\target\\scala-3.1.0\\classes ..."})[0m
[0m[[0m[0mdebug[0m] [0m[0mjsonRpcNotify: JsonRpcNotificationMessage(2.0, build/publishDiagnostics, {"textDocument":{"uri":"file:///C:/Users/R%C3%A9mi/Desktop/Efrei%20Paris/M2/Scala%20Programming/repo_project/Scala_Project/src/main/scala/Reports.scala"},"buildTarget":{"uri":"file:/C:/Users/R%C3%A9mi/Desktop/Efrei%20Paris/M2/Scala%20Programming/repo_project/Scala_Project/#scala_project/Compile"},"diagnostics":[{"range":{"start":{"line":0,"character":20},"end":{"line":0,"character":20}},"severity":1,"source":"sbt","message":"an identifier expected, but eof found"}],"reset":false})[0m
[0m[[0m[31merror[0m] [0m[0m[31m-- [E040] Syntax Error: C:\Users\Rémi\Desktop\Efrei Paris\M2\Scala Programming\repo_project\Scala_Project\src\main\scala\Reports.scala:1:20 [0m[0m
[0m[[0m[31merror[0m] [0m[0m[31m1 |[0m[33mdef[0m [36mh_nb_airports[0m():[0m
[0m[[0m[31merror[0m] [0m[0m  |                    [31m^[0m[0m
[0m[[0m[31merror[0m] [0m[0m  |                    an identifier expected, but eof found[0m
[0m[[0m[0mdebug[0m] [0m[0mjsonRpcNotify: JsonRpcNotificationMessage(2.0, build/logMessage, {"type":1,"message":"\u001b[31m-- [E040] Syntax Error: C:\\Users\\Rémi\\Desktop\\Efrei Paris\\M2\\Scala Programming\\repo_project\\Scala_Project\\src\\main\\scala\\Reports.scala:1:20 \u001b[0m\r\n\u001b[31m1 |\u001b[0m\u001b[33mdef\u001b[0m \u001b[36mh_nb_airports\u001b[0m():\r\n  |                    \u001b[31m^\u001b[0m\r\n  |                    an identifier expected, but eof found"})[0m
[0m[[0m[0mdebug[0m] [0m[0mjsonRpcNotify: JsonRpcNotificationMessage(2.0, build/publishDiagnostics, {"textDocument":{"uri":"file:///C:/Users/R%C3%A9mi/Desktop/Efrei%20Paris/M2/Scala%20Programming/repo_project/Scala_Project/src/main/scala/main.scala"},"buildTarget":{"uri":"file:/C:/Users/R%C3%A9mi/Desktop/Efrei%20Paris/M2/Scala%20Programming/repo_project/Scala_Project/#scala_project/Compile"},"diagnostics":[{"range":{"start":{"line":12,"character":14},"end":{"line":12,"character":20}},"severity":1,"source":"sbt","message":"'=' expected, but identifier found"}],"reset":false})[0m
[0m[[0m[31merror[0m] [0m[0m[31m-- [E040] Syntax Error: C:\Users\Rémi\Desktop\Efrei Paris\M2\Scala Programming\repo_project\Scala_Project\src\main\scala\main.scala:13:14 [0m[0m
[0m[[0m[31merror[0m] [0m[0m[31m13 |[0m  [33mdef[0m [36mhighest[0m number of airports[0m
[0m[[0m[31merror[0m] [0m[0m   |              [31m^^^^^^[0m[0m
[0m[[0m[31merror[0m] [0m[0m   |              '=' expected, but identifier found[0m
[0m[[0m[0mdebug[0m] [0m[0mjsonRpcNotify: JsonRpcNotificationMessage(2.0, build/logMessage, {"type":1,"message":"\u001b[31m-- [E040] Syntax Error: C:\\Users\\Rémi\\Desktop\\Efrei Paris\\M2\\Scala Programming\\repo_project\\Scala_Project\\src\\main\\scala\\main.scala:13:14 \u001b[0m\r\n\u001b[31m13 |\u001b[0m  \u001b[33mdef\u001b[0m \u001b[36mhighest\u001b[0m number of airports\r\n   |              \u001b[31m^^^^^^\u001b[0m\r\n   |              '=' expected, but identifier found"})[0m
[0m[[0m[0mdebug[0m] [0m[0mjsonRpcNotify: JsonRpcNotificationMessage(2.0, build/publishDiagnostics, {"textDocument":{"uri":"file:///C:/Users/R%C3%A9mi/Desktop/Efrei%20Paris/M2/Scala%20Programming/repo_project/Scala_Project/src/main/scala/Reports.scala"},"buildTarget":{"uri":"file:/C:/Users/R%C3%A9mi/Desktop/Efrei%20Paris/M2/Scala%20Programming/repo_project/Scala_Project/#scala_project/Compile"},"diagnostics":[{"range":{"start":{"line":0,"character":4},"end":{"line":0,"character":4}},"severity":1,"source":"sbt","message":"Declaration of \u001b[33mmethod\u001b[0m \u001b[35mh_nb_airports\u001b[0m not allowed here: only classes can have declared but undefined members"}],"reset":false})[0m
[0m[[0m[31merror[0m] [0m[0m[31m-- [E067] Syntax Error: C:\Users\Rémi\Desktop\Efrei Paris\M2\Scala Programming\repo_project\Scala_Project\src\main\scala\Reports.scala:1:4 [0m[0m
[0m[[0m[31merror[0m] [0m[0m[31m1 |[0m[33mdef[0m [36mh_nb_airports[0m():[0m
[0m[[0m[31merror[0m] [0m[0m  |    [31m^[0m[0m
[0m[[0m[31merror[0m] [0m[0m  |Declaration of [33mmethod[0m [35mh_nb_airports[0m not allowed here: only classes can have declared but undefined members[0m
[0m[[0m[0mdebug[0m] [0m[0mjsonRpcNotify: JsonRpcNotificationMessage(2.0, build/logMessage, {"type":1,"message":"\u001b[31m-- [E067] Syntax Error: C:\\Users\\Rémi\\Desktop\\Efrei Paris\\M2\\Scala Programming\\repo_project\\Scala_Project\\src\\main\\scala\\Reports.scala:1:4 \u001b[0m\r\n\u001b[31m1 |\u001b[0m\u001b[33mdef\u001b[0m \u001b[36mh_nb_airports\u001b[0m():\r\n  |    \u001b[31m^\u001b[0m\r\n  |Declaration of \u001b[33mmethod\u001b[0m \u001b[35mh_nb_airports\u001b[0m not allowed here: only classes can have declared but undefined members"})[0m
[0m[[0m[31merror[0m] [0m[0mthree errors found[0m
[0m[[0m[0mdebug[0m] [0m[0mjsonRpcNotify: JsonRpcNotificationMessage(2.0, build/logMessage, {"type":1,"message":"three errors found"})[0m
[0m[[0m[31merror[0m] [0m[0mthree errors found[0m
[0m[[0m[0mdebug[0m] [0m[0mjsonRpcNotify: JsonRpcNotificationMessage(2.0, build/logMessage, {"type":1,"message":"three errors found"})[0m
[0m[[0m[0mdebug[0m] [0m[0mjsonRpcNotify: JsonRpcNotificationMessage(2.0, build/publishDiagnostics, {"textDocument":{"uri":"file:///C:/Users/R%C3%A9mi/Desktop/Efrei%20Paris/M2/Scala%20Programming/repo_project/Scala_Project/src/main/scala/main.scala"},"buildTarget":{"uri":"file:/C:/Users/R%C3%A9mi/Desktop/Efrei%20Paris/M2/Scala%20Programming/repo_project/Scala_Project/#scala_project/Compile"},"diagnostics":[{"range":{"start":{"line":12,"character":14},"end":{"line":12,"character":20}},"severity":1,"source":"sbt","message":"'=' expected, but identifier found"}],"reset":true})[0m
[0m[[0m[0mdebug[0m] [0m[0mjsonRpcNotify: JsonRpcNotificationMessage(2.0, build/publishDiagnostics, {"textDocument":{"uri":"file:///C:/Users/R%C3%A9mi/Desktop/Efrei%20Paris/M2/Scala%20Programming/repo_project/Scala_Project/src/main/scala/reader.scala"},"buildTarget":{"uri":"file:/C:/Users/R%C3%A9mi/Desktop/Efrei%20Paris/M2/Scala%20Programming/repo_project/Scala_Project/#scala_project/Compile"},"diagnostics":[],"reset":true})[0m
[0m[[0m[0mdebug[0m] [0m[0mjsonRpcNotify: JsonRpcNotificationMessage(2.0, build/publishDiagnostics, {"textDocument":{"uri":"file:///C:/Users/R%C3%A9mi/Desktop/Efrei%20Paris/M2/Scala%20Programming/repo_project/Scala_Project/src/main/scala/Reports.scala"},"buildTarget":{"uri":"file:/C:/Users/R%C3%A9mi/Desktop/Efrei%20Paris/M2/Scala%20Programming/repo_project/Scala_Project/#scala_project/Compile"},"diagnostics":[{"range":{"start":{"line":0,"character":20},"end":{"line":0,"character":20}},"severity":1,"source":"sbt","message":"an identifier expected, but eof found"},{"range":{"start":{"line":0,"character":4},"end":{"line":0,"character":4}},"severity":1,"source":"sbt","message":"Declaration of \u001b[33mmethod\u001b[0m \u001b[35mh_nb_airports\u001b[0m not allowed here: only classes can have declared but undefined members"}],"reset":true})[0m
[0m[[0m[0mdebug[0m] [0m[0mjsonRpcNotify: JsonRpcNotificationMessage(2.0, build/taskFinish, {"taskId":{"id":"5","parents":[]},"eventTime":1642869582071,"message":"Compiled scala_project","status":2,"dataKind":"compile-report","data":{"target":{"uri":"file:/C:/Users/R%C3%A9mi/Desktop/Efrei%20Paris/M2/Scala%20Programming/repo_project/Scala_Project/#scala_project/Compile"},"errors":3,"warnings":0,"time":2072}})[0m
[0m[[0m[0mdebug[0m] [0m[0munmatched json error for requestId None: {"code":-32603,"message":"(Compile / \u001b[31mcompileIncremental\u001b[0m) Compilation failed"}[0m
[0m[[0m[31merror[0m] [0m[0m(Compile / [31mcompileIncremental[0m) Compilation failed[0m
[0m[[0m[0mdebug[0m] [0m[0mjsonRpcNotify: JsonRpcNotificationMessage(2.0, build/logMessage, {"type":1,"message":"(Compile / \u001b[31mcompileIncremental\u001b[0m) Compilation failed"})[0m
[0m[[0m[31merror[0m] [0m[0mTotal time: 3 s, completed 22 janv. 2022 17:39:42[0m
[0m[[0m[0mdebug[0m] [0m[0munmatched Done event for requestId None: None[0m
[0m[[0m[0mdebug[0m] [0m[0m> Exec(shell, None, None)[0m
